<?xml version="1.0" encoding="UTF-8"?>
<coverage generated="1637805393041" clover="3.2.0">
  <project timestamp="1637805393041" name="All files">
    <metrics statements="51" coveredstatements="46" conditionals="1" coveredconditionals="1" methods="26" coveredmethods="22" elements="78" coveredelements="69" complexity="0" loc="51" ncloc="51" packages="2" files="7" classes="7"/>
    <package name="classes">
      <metrics statements="49" coveredstatements="44" conditionals="1" coveredconditionals="1" methods="25" coveredmethods="21"/>
      <file name="customer.ts" path="/home/luizfelipe/Documentos/automated-tests/src/dip/classes/customer.ts">
        <metrics statements="11" coveredstatements="6" conditionals="0" coveredconditionals="0" methods="6" coveredmethods="2"/>
        <line num="7" count="1" type="stmt"/>
        <line num="13" count="2" type="stmt"/>
        <line num="14" count="2" type="stmt"/>
        <line num="15" count="2" type="stmt"/>
        <line num="19" count="1" type="stmt"/>
        <line num="23" count="0" type="stmt"/>
        <line num="27" count="1" type="stmt"/>
        <line num="32" count="0" type="stmt"/>
        <line num="33" count="0" type="stmt"/>
        <line num="37" count="0" type="stmt"/>
        <line num="40" count="0" type="stmt"/>
      </file>
      <file name="discount.ts" path="/home/luizfelipe/Documentos/automated-tests/src/dip/classes/discount.ts">
        <metrics statements="9" coveredstatements="9" conditionals="0" coveredconditionals="0" methods="5" coveredmethods="5"/>
        <line num="1" count="2" type="stmt"/>
        <line num="2" count="10" type="stmt"/>
        <line num="5" count="5" type="stmt"/>
        <line num="9" count="2" type="stmt"/>
        <line num="10" count="1" type="stmt"/>
        <line num="13" count="2" type="stmt"/>
        <line num="14" count="1" type="stmt"/>
        <line num="17" count="2" type="stmt"/>
        <line num="19" count="1" type="stmt"/>
      </file>
      <file name="order.ts" path="/home/luizfelipe/Documentos/automated-tests/src/dip/classes/order.ts">
        <metrics statements="15" coveredstatements="15" conditionals="1" coveredconditionals="1" methods="3" coveredmethods="3"/>
        <line num="7" count="1" type="stmt"/>
        <line num="8" count="5" type="stmt"/>
        <line num="11" count="5" type="stmt"/>
        <line num="12" count="5" type="stmt"/>
        <line num="13" count="5" type="stmt"/>
        <line num="14" count="5" type="stmt"/>
        <line num="18" count="2" type="stmt"/>
        <line num="22" count="5" type="cond" truecount="1" falsecount="0"/>
        <line num="23" count="1" type="stmt"/>
        <line num="24" count="1" type="stmt"/>
        <line num="27" count="4" type="stmt"/>
        <line num="28" count="4" type="stmt"/>
        <line num="31" count="4" type="stmt"/>
        <line num="32" count="4" type="stmt"/>
        <line num="33" count="4" type="stmt"/>
      </file>
      <file name="persistence.ts" path="/home/luizfelipe/Documentos/automated-tests/src/dip/classes/persistence.ts">
        <metrics statements="2" coveredstatements="2" conditionals="0" coveredconditionals="0" methods="1" coveredmethods="1"/>
        <line num="3" count="1" type="stmt"/>
        <line num="5" count="3" type="stmt"/>
      </file>
      <file name="products.ts" path="/home/luizfelipe/Documentos/automated-tests/src/dip/classes/products.ts">
        <metrics statements="2" coveredstatements="2" conditionals="0" coveredconditionals="0" methods="1" coveredmethods="1"/>
        <line num="3" count="1" type="stmt"/>
        <line num="4" count="1" type="stmt"/>
      </file>
      <file name="shopping-cart.ts" path="/home/luizfelipe/Documentos/automated-tests/src/dip/classes/shopping-cart.ts">
        <metrics statements="10" coveredstatements="10" conditionals="0" coveredconditionals="0" methods="9" coveredmethods="9"/>
        <line num="5" count="1" type="stmt"/>
        <line num="6" count="7" type="stmt"/>
        <line num="8" count="7" type="stmt"/>
        <line num="11" count="12" type="stmt"/>
        <line num="15" count="2" type="stmt"/>
        <line num="19" count="5" type="stmt"/>
        <line num="23" count="10" type="stmt"/>
        <line num="27" count="3" type="stmt"/>
        <line num="31" count="3" type="stmt"/>
        <line num="35" count="1" type="stmt"/>
      </file>
    </package>
    <package name="services">
      <metrics statements="2" coveredstatements="2" conditionals="0" coveredconditionals="0" methods="1" coveredmethods="1"/>
      <file name="messaging.ts" path="/home/luizfelipe/Documentos/automated-tests/src/dip/services/messaging.ts">
        <metrics statements="2" coveredstatements="2" conditionals="0" coveredconditionals="0" methods="1" coveredmethods="1"/>
        <line num="3" count="1" type="stmt"/>
        <line num="5" count="3" type="stmt"/>
      </file>
    </package>
  </project>
</coverage>
